<?xml version="1.0" encoding="UTF-8"?>
<testng-results skipped="0" failed="0" total="1" passed="1">
  <reporter-output>
  </reporter-output>
  <suite name="Suite" duration-ms="45070" started-at="2019-05-03T00:58:36Z" finished-at="2019-05-03T00:59:21Z">
    <groups>
      <group name="cucumber">
        <method signature="AbstractTestNGCucumberTests.feature(cucumber.api.testng.CucumberFeatureWrapper)[pri:0, instance:runner.Testrunner@26ba2a48]" name="feature" class="cucumber.api.testng.AbstractTestNGCucumberTests"/>
      </group> <!-- cucumber -->
    </groups>
    <test name="Test" duration-ms="45070" started-at="2019-05-03T00:58:36Z" finished-at="2019-05-03T00:59:21Z">
      <class name="runner.Testrunner">
        <test-method status="PASS" signature="setUpClass()[pri:0, instance:runner.Testrunner@26ba2a48]" name="setUpClass" is-config="true" duration-ms="365" started-at="2019-05-03T06:28:36Z" finished-at="2019-05-03T06:28:36Z">
          <reporter-output>
          </reporter-output>
        </test-method> <!-- setUpClass -->
        <test-method status="PASS" signature="feature(cucumber.api.testng.CucumberFeatureWrapper)[pri:0, instance:runner.Testrunner@26ba2a48]" name="feature" duration-ms="44545" started-at="2019-05-03T06:28:36Z" description="Runs Cucumber Feature" data-provider="features" finished-at="2019-05-03T06:29:21Z">
          <params>
            <param index="0">
              <value>
                <![CDATA[Login application]]>
              </value>
            </param>
          </params>
          <reporter-output>
          </reporter-output>
        </test-method> <!-- feature -->
        <test-method status="PASS" signature="tearDownClass()[pri:0, instance:runner.Testrunner@26ba2a48]" name="tearDownClass" is-config="true" duration-ms="18" started-at="2019-05-03T06:29:21Z" finished-at="2019-05-03T06:29:21Z">
          <reporter-output>
          </reporter-output>
        </test-method> <!-- tearDownClass -->
      </class> <!-- runner.Testrunner -->
    </test> <!-- Test -->
  </suite> <!-- Suite -->
</testng-results>
